<?xml version="1.0" encoding="UTF-8"?>
<!-- Generated by org.testng.reporters.JUnitXMLReporter -->
<testsuite ignored="0" hostname="MSI" failures="2" tests="6" name="Test" time="41.952" errors="0" timestamp="2022-12-04T15:52:00 IST">
  <testcase classname="TestComponents.LoginPageTest" name="loginToSwagLabsTest" time="4.537"/>
  <testcase classname="TestComponents.LoginPageTest" name="validateLoginPageTitleTest" time="0.022"/>
  <testcase classname="TestComponents.LoginPageTest" name="validateLogoTest" time="0.122"/>
  <testcase classname="TestComponents.HomePageTest" name="addToCartProductTest" time="0.002">
    <failure type="java.lang.NullPointerException" message="Cannot invoke &amp;quot;org.openqa.selenium.WebElement.click()&amp;quot; because &amp;quot;this.addToCartButton&amp;quot; is null">
      <![CDATA[java.lang.NullPointerException: Cannot invoke "org.openqa.selenium.WebElement.click()" because "this.addToCartButton" is null
at POM.HomePage.addToCartProduct(HomePage.java:42)
at TestComponents.HomePageTest.addToCartProductTest(HomePageTest.java:48)
at java.base/java.util.ArrayList.forEach(ArrayList.java:1511)
... Removed 27 stack frames]]>
    </failure>
  </testcase> <!-- addToCartProductTest -->
  <testcase classname="TestComponents.HomePageTest" name="homeTest" time="0.004">
    <failure type="java.lang.NullPointerException" message="Cannot invoke &amp;quot;org.openqa.selenium.WebElement.click()&amp;quot; because &amp;quot;this.ThreeDotButton&amp;quot; is null">
      <![CDATA[java.lang.NullPointerException: Cannot invoke "org.openqa.selenium.WebElement.click()" because "this.ThreeDotButton" is null
at POM.HomePage.Home(HomePage.java:29)
at TestComponents.HomePageTest.homeTest(HomePageTest.java:33)
at java.base/java.util.ArrayList.forEach(ArrayList.java:1511)
... Removed 27 stack frames]]>
    </failure>
  </testcase> <!-- homeTest -->
  <testcase classname="TestComponents.HomePageTest" name="navigateBackTest" time="0.219"/>
</testsuite> <!-- Test -->
