<?xml version="1.0" encoding="UTF-8"?>
<testng-results ignored="0" total="6" passed="4" failed="2" skipped="0">
  <reporter-output>
  </reporter-output>
  <suite started-at="2022-12-04T15:51:16 IST" name="Suite" finished-at="2022-12-04T15:51:58 IST" duration-ms="41952">
    <groups>
    </groups>
    <test started-at="2022-12-04T15:51:16 IST" name="Test" finished-at="2022-12-04T15:51:58 IST" duration-ms="41952">
      <class name="TestComponents.HomePageTest">
        <test-method is-config="true" signature="setup()[pri:0, instance:TestComponents.HomePageTest@5c2375a9]" started-at="2022-12-04T15:51:44 IST" name="setup" finished-at="2022-12-04T15:51:48 IST" duration-ms="4178" status="PASS">
          <reporter-output>
          </reporter-output>
        </test-method> <!-- setup -->
        <test-method signature="addToCartProductTest()[pri:0, instance:TestComponents.HomePageTest@5c2375a9]" started-at="2022-12-04T15:51:48 IST" name="addToCartProductTest" finished-at="2022-12-04T15:51:48 IST" duration-ms="2" status="FAIL">
          <exception class="java.lang.NullPointerException">
            <message>
              <![CDATA[Cannot invoke "org.openqa.selenium.WebElement.click()" because "this.addToCartButton" is null]]>
            </message>
            <full-stacktrace>
              <![CDATA[java.lang.NullPointerException: Cannot invoke "org.openqa.selenium.WebElement.click()" because "this.addToCartButton" is null
at POM.HomePage.addToCartProduct(HomePage.java:42)
at TestComponents.HomePageTest.addToCartProductTest(HomePageTest.java:48)
at java.base/jdk.internal.reflect.NativeMethodAccessorImpl.invoke0(Native Method)
at java.base/jdk.internal.reflect.NativeMethodAccessorImpl.invoke(NativeMethodAccessorImpl.java:77)
at java.base/jdk.internal.reflect.DelegatingMethodAccessorImpl.invoke(DelegatingMethodAccessorImpl.java:43)
at java.base/java.lang.reflect.Method.invoke(Method.java:568)
at org.testng.internal.invokers.MethodInvocationHelper.invokeMethod(MethodInvocationHelper.java:135)
at org.testng.internal.invokers.TestInvoker.invokeMethod(TestInvoker.java:673)
at org.testng.internal.invokers.TestInvoker.invokeTestMethod(TestInvoker.java:220)
at org.testng.internal.invokers.MethodRunner.runInSequence(MethodRunner.java:50)
at org.testng.internal.invokers.TestInvoker$MethodInvocationAgent.invoke(TestInvoker.java:945)
at org.testng.internal.invokers.TestInvoker.invokeTestMethods(TestInvoker.java:193)
at org.testng.internal.invokers.TestMethodWorker.invokeTestMethods(TestMethodWorker.java:146)
at org.testng.internal.invokers.TestMethodWorker.run(TestMethodWorker.java:128)
at java.base/java.util.ArrayList.forEach(ArrayList.java:1511)
at org.testng.TestRunner.privateRun(TestRunner.java:808)
at org.testng.TestRunner.run(TestRunner.java:603)
at org.testng.SuiteRunner.runTest(SuiteRunner.java:429)
at org.testng.SuiteRunner.runSequentially(SuiteRunner.java:423)
at org.testng.SuiteRunner.privateRun(SuiteRunner.java:383)
at org.testng.SuiteRunner.run(SuiteRunner.java:326)
at org.testng.SuiteRunnerWorker.runSuite(SuiteRunnerWorker.java:52)
at org.testng.SuiteRunnerWorker.run(SuiteRunnerWorker.java:95)
at org.testng.TestNG.runSuitesSequentially(TestNG.java:1249)
at org.testng.TestNG.runSuitesLocally(TestNG.java:1169)
at org.testng.TestNG.runSuites(TestNG.java:1092)
at org.testng.TestNG.run(TestNG.java:1060)
at org.testng.remote.AbstractRemoteTestNG.run(AbstractRemoteTestNG.java:115)
at org.testng.remote.RemoteTestNG.initAndRun(RemoteTestNG.java:251)
at org.testng.remote.RemoteTestNG.main(RemoteTestNG.java:77)
]]>
            </full-stacktrace>
          </exception> <!-- java.lang.NullPointerException -->
          <reporter-output>
          </reporter-output>
        </test-method> <!-- addToCartProductTest -->
        <test-method is-config="true" signature="setup()[pri:0, instance:TestComponents.HomePageTest@5c2375a9]" started-at="2022-12-04T15:51:49 IST" name="setup" finished-at="2022-12-04T15:51:53 IST" duration-ms="4192" status="PASS">
          <reporter-output>
          </reporter-output>
        </test-method> <!-- setup -->
        <test-method signature="homeTest()[pri:0, instance:TestComponents.HomePageTest@5c2375a9]" started-at="2022-12-04T15:51:53 IST" name="homeTest" finished-at="2022-12-04T15:51:53 IST" duration-ms="4" status="FAIL">
          <exception class="java.lang.NullPointerException">
            <message>
              <![CDATA[Cannot invoke "org.openqa.selenium.WebElement.click()" because "this.ThreeDotButton" is null]]>
            </message>
            <full-stacktrace>
              <![CDATA[java.lang.NullPointerException: Cannot invoke "org.openqa.selenium.WebElement.click()" because "this.ThreeDotButton" is null
at POM.HomePage.Home(HomePage.java:29)
at TestComponents.HomePageTest.homeTest(HomePageTest.java:33)
at java.base/jdk.internal.reflect.NativeMethodAccessorImpl.invoke0(Native Method)
at java.base/jdk.internal.reflect.NativeMethodAccessorImpl.invoke(NativeMethodAccessorImpl.java:77)
at java.base/jdk.internal.reflect.DelegatingMethodAccessorImpl.invoke(DelegatingMethodAccessorImpl.java:43)
at java.base/java.lang.reflect.Method.invoke(Method.java:568)
at org.testng.internal.invokers.MethodInvocationHelper.invokeMethod(MethodInvocationHelper.java:135)
at org.testng.internal.invokers.TestInvoker.invokeMethod(TestInvoker.java:673)
at org.testng.internal.invokers.TestInvoker.invokeTestMethod(TestInvoker.java:220)
at org.testng.internal.invokers.MethodRunner.runInSequence(MethodRunner.java:50)
at org.testng.internal.invokers.TestInvoker$MethodInvocationAgent.invoke(TestInvoker.java:945)
at org.testng.internal.invokers.TestInvoker.invokeTestMethods(TestInvoker.java:193)
at org.testng.internal.invokers.TestMethodWorker.invokeTestMethods(TestMethodWorker.java:146)
at org.testng.internal.invokers.TestMethodWorker.run(TestMethodWorker.java:128)
at java.base/java.util.ArrayList.forEach(ArrayList.java:1511)
at org.testng.TestRunner.privateRun(TestRunner.java:808)
at org.testng.TestRunner.run(TestRunner.java:603)
at org.testng.SuiteRunner.runTest(SuiteRunner.java:429)
at org.testng.SuiteRunner.runSequentially(SuiteRunner.java:423)
at org.testng.SuiteRunner.privateRun(SuiteRunner.java:383)
at org.testng.SuiteRunner.run(SuiteRunner.java:326)
at org.testng.SuiteRunnerWorker.runSuite(SuiteRunnerWorker.java:52)
at org.testng.SuiteRunnerWorker.run(SuiteRunnerWorker.java:95)
at org.testng.TestNG.runSuitesSequentially(TestNG.java:1249)
at org.testng.TestNG.runSuitesLocally(TestNG.java:1169)
at org.testng.TestNG.runSuites(TestNG.java:1092)
at org.testng.TestNG.run(TestNG.java:1060)
at org.testng.remote.AbstractRemoteTestNG.run(AbstractRemoteTestNG.java:115)
at org.testng.remote.RemoteTestNG.initAndRun(RemoteTestNG.java:251)
at org.testng.remote.RemoteTestNG.main(RemoteTestNG.java:77)
]]>
            </full-stacktrace>
          </exception> <!-- java.lang.NullPointerException -->
          <reporter-output>
          </reporter-output>
        </test-method> <!-- homeTest -->
        <test-method is-config="true" signature="setup()[pri:0, instance:TestComponents.HomePageTest@5c2375a9]" started-at="2022-12-04T15:51:53 IST" name="setup" finished-at="2022-12-04T15:51:58 IST" duration-ms="4829" status="PASS">
          <reporter-output>
          </reporter-output>
        </test-method> <!-- setup -->
        <test-method signature="navigateBackTest()[pri:0, instance:TestComponents.HomePageTest@5c2375a9]" started-at="2022-12-04T15:51:58 IST" name="navigateBackTest" finished-at="2022-12-04T15:51:58 IST" duration-ms="219" status="PASS">
          <reporter-output>
          </reporter-output>
        </test-method> <!-- navigateBackTest -->
      </class> <!-- TestComponents.HomePageTest -->
      <class name="TestComponents.LoginPageTest">
        <test-method is-config="true" signature="setUp()[pri:0, instance:TestComponents.LoginPageTest@2e48362c]" started-at="2022-12-04T15:51:16 IST" name="setUp" finished-at="2022-12-04T15:51:32 IST" duration-ms="15424" status="PASS">
          <reporter-output>
          </reporter-output>
        </test-method> <!-- setUp -->
        <test-method signature="loginToSwagLabsTest()[pri:0, instance:TestComponents.LoginPageTest@2e48362c]" started-at="2022-12-04T15:51:32 IST" name="loginToSwagLabsTest" finished-at="2022-12-04T15:51:36 IST" duration-ms="4537" status="PASS">
          <reporter-output>
          </reporter-output>
        </test-method> <!-- loginToSwagLabsTest -->
        <test-method is-config="true" signature="Exit()[pri:0, instance:TestComponents.LoginPageTest@2e48362c]" started-at="2022-12-04T15:51:36 IST" name="Exit" finished-at="2022-12-04T15:51:37 IST" duration-ms="248" status="PASS">
          <reporter-output>
          </reporter-output>
        </test-method> <!-- Exit -->
        <test-method is-config="true" signature="setUp()[pri:0, instance:TestComponents.LoginPageTest@2e48362c]" started-at="2022-12-04T15:51:37 IST" name="setUp" finished-at="2022-12-04T15:51:40 IST" duration-ms="3329" status="PASS">
          <reporter-output>
          </reporter-output>
        </test-method> <!-- setUp -->
        <test-method signature="validateLoginPageTitleTest()[pri:0, instance:TestComponents.LoginPageTest@2e48362c]" started-at="2022-12-04T15:51:40 IST" name="validateLoginPageTitleTest" finished-at="2022-12-04T15:51:40 IST" duration-ms="22" status="PASS">
          <reporter-output>
          </reporter-output>
        </test-method> <!-- validateLoginPageTitleTest -->
        <test-method is-config="true" signature="Exit()[pri:0, instance:TestComponents.LoginPageTest@2e48362c]" started-at="2022-12-04T15:51:40 IST" name="Exit" finished-at="2022-12-04T15:51:40 IST" duration-ms="218" status="PASS">
          <reporter-output>
          </reporter-output>
        </test-method> <!-- Exit -->
        <test-method is-config="true" signature="setUp()[pri:0, instance:TestComponents.LoginPageTest@2e48362c]" started-at="2022-12-04T15:51:40 IST" name="setUp" finished-at="2022-12-04T15:51:44 IST" duration-ms="3611" status="PASS">
          <reporter-output>
          </reporter-output>
        </test-method> <!-- setUp -->
        <test-method signature="validateLogoTest()[pri:0, instance:TestComponents.LoginPageTest@2e48362c]" started-at="2022-12-04T15:51:44 IST" name="validateLogoTest" finished-at="2022-12-04T15:51:44 IST" duration-ms="122" status="PASS">
          <reporter-output>
          </reporter-output>
        </test-method> <!-- validateLogoTest -->
        <test-method is-config="true" signature="Exit()[pri:0, instance:TestComponents.LoginPageTest@2e48362c]" started-at="2022-12-04T15:51:44 IST" name="Exit" finished-at="2022-12-04T15:51:44 IST" duration-ms="165" status="PASS">
          <reporter-output>
          </reporter-output>
        </test-method> <!-- Exit -->
      </class> <!-- TestComponents.LoginPageTest -->
    </test> <!-- Test -->
  </suite> <!-- Suite -->
</testng-results>
